This file contains any messages produced by compilers while
running configure, to aid debugging if configure makes a mistake.

It was created by sfftobmp configure 2.3, which was
generated by GNU Autoconf 2.65.  Invocation command line was

  $ ./configure 

## --------- ##
## Platform. ##
## --------- ##

hostname = linux1
uname -m = x86_64
uname -r = 4.4.49-16-default
uname -s = Linux
uname -v = #1 SMP Sun Feb 19 17:40:35 UTC 2017 (70e9954)

/usr/bin/uname -p = x86_64
/bin/uname -X     = unknown

/bin/arch              = x86_64
/usr/bin/arch -k       = unknown
/usr/convex/getsysinfo = unknown
/usr/bin/hostinfo      = unknown
/bin/machine           = unknown
/usr/bin/oslevel       = unknown
/bin/universe          = unknown

PATH: /usr/local/ssl/bin
PATH: /sbin
PATH: /usr/sbin
PATH: /usr/local/sbin
PATH: /root/bin
PATH: /usr/local/bin
PATH: /usr/bin
PATH: /bin
PATH: /usr/bin/X11
PATH: /usr/games
PATH: /usr/lib/mit/bin
PATH: /usr/lib/mit/sbin


## ----------- ##
## Core tests. ##
## ----------- ##

configure:2121: loading site script /usr/share/site/x86_64-unknown-linux-gnu
| #!/bin/sh
| # Site script for configure. It is resourced via $CONFIG_SITE environment varaible.
| 
| # If user did not specify libdir, guess the correct target:
| # Use lib64 for 64 bit bi-arch targets, keep the default for the rest.
| if test "$libdir" = '${exec_prefix}/lib' ; then
| 
| 	ac_config_site_64bit_host=NONE
| 
| 	case "$host" in
| 	"" )
| 		# User did not specify host target.
| 		# The native platform x86_64 is a bi-arch platform.
| 		# Try to detect cross-compilation to inferior architecture.
| 
| 		# We are trying to guess 32-bit target compilation. It's not as easy as
| 		# it sounds, as there is possible several intermediate combinations.
| 		ac_config_site_cross_to_32bit_host=NONE
| 
| 		# User defined -m32 in CFLAGS or CXXFLAGS or CC or CXX:
| 		# (It's sufficient for 32-bit, but alone may cause mis-behavior of some checks.)
| 		case "$CFLAGS $CXXFLAGS $CC $CXX" in
| 		*-m32*)
| 			ac_config_site_cross_to_32bit_host=YES
| 			;;
| 		esac
| 
| 		# Running with linux32:
| 		# (Changes detected platform, but not the toolchain target.)
| 		case "`/bin/uname -i`" in
| 		x86_64 | ppc64 | s390x )
| 			;;
| 		* )
| 			ac_config_site_cross_to_32bit_host=YES
| 			;;
| 		esac
| 
| 		if test "x$ac_config_site_cross_to_32bit_host" = xNONE; then
| 			ac_config_site_64bit_host=YES
| 		fi
| 
| 		;;
| 	*x86_64* | *ppc64* | *s390x* )
| 		ac_config_site_64bit_host=YES
| 		;;
| 	esac
| 
| 	if test "x$ac_config_site_64bit_host" = xYES; then
| 		libdir='${exec_prefix}/lib64'
| 	fi
| fi
| 
| # If user did not specify libexecdir, set the correct target:
| # Nor FHS nor openSUSE allow prefix/libexec. Let's default to prefix/lib.
| 
| if test "$libexecdir" = '${exec_prefix}/libexec' ; then
| 	libexecdir='${exec_prefix}/lib'
| fi
| 
| # Continue with the standard behavior of configure defined in AC_SITE_LOAD:
| if test "x$prefix" != xNONE; then
| 	ac_site_file1=$prefix/share/config.site
| 	ac_site_file2=$prefix/etc/config.site
| else
| 	ac_site_file1=$ac_default_prefix/share/config.site
| 	ac_site_file2=$ac_default_prefix/etc/config.site
| fi
| for ac_site_file in "$ac_site_file1" "$ac_site_file2"
| do
| 	test "x$ac_site_file" = xNONE && continue
| 	if test /dev/null != "$ac_site_file" && test -r "$ac_site_file"; then
| 		{ $as_echo "/usr/share/site/x86_64-unknown-linux-gnu:${as_lineno-$LINENO}: loading site script $ac_site_file" >&5
| $as_echo "/usr/share/site/x86_64-unknown-linux-gnu: loading site script $ac_site_file" >&6;}
| 		sed 's/^/| /' "$ac_site_file" >&5
| 		. "$ac_site_file" \
| 			|| { { $as_echo "/usr/share/site/x86_64-unknown-linux-gnu:${as_lineno-$LINENO}: error: in \`$ac_pwd':" >&5
| $as_echo "/usr/share/site/x86_64-unknown-linux-gnu: error: in \`$ac_pwd':" >&2;}
| as_fn_error $? "failed to load site script $ac_site_file
| See \`config.log' for more details" "$LINENO" 5; }
| 	fi
| done
configure:2254: checking for a BSD-compatible install
configure:2322: result: /usr/bin/install -c
configure:2333: checking whether build environment is sane
configure:2383: result: yes
configure:2524: checking for a thread-safe mkdir -p
configure:2563: result: /usr/bin/mkdir -p
configure:2576: checking for gawk
configure:2592: found /usr/bin/gawk
configure:2603: result: gawk
configure:2614: checking whether make sets $(MAKE)
configure:2636: result: yes
configure:2771: checking for g++
configure:2787: found /usr/bin/g++
configure:2798: result: g++
configure:2825: checking for C++ compiler version
configure:2834: g++ --version >&5
g++ (SUSE Linux) 4.8.5
Copyright (C) 2015 Free Software Foundation, Inc.
This is free software; see the source for copying conditions.  There is NO
warranty; not even for MERCHANTABILITY or FITNESS FOR A PARTICULAR PURPOSE.

configure:2845: $? = 0
configure:2834: g++ -v >&5
Using built-in specs.
COLLECT_GCC=g++
COLLECT_LTO_WRAPPER=/usr/lib64/gcc/x86_64-suse-linux/4.8/lto-wrapper
Target: x86_64-suse-linux
Configured with: ../configure --prefix=/usr --infodir=/usr/share/info --mandir=/usr/share/man --libdir=/usr/lib64 --libexecdir=/usr/lib64 --enable-languages=c,c++,objc,fortran,obj-c++,java,ada --enable-checking=release --with-gxx-include-dir=/usr/include/c++/4.8 --enable-ssp --disable-libssp --disable-plugin --with-bugurl=http://bugs.opensuse.org/ --with-pkgversion='SUSE Linux' --disable-libgcj --disable-libmudflap --with-slibdir=/lib64 --with-system-zlib --enable-__cxa_atexit --enable-libstdcxx-allocator=new --disable-libstdcxx-pch --enable-version-specific-runtime-libs --enable-linker-build-id --enable-linux-futex --program-suffix=-4.8 --without-system-libunwind --with-arch-32=i586 --with-tune=generic --build=x86_64-suse-linux --host=x86_64-suse-linux
Thread model: posix
gcc version 4.8.5 (SUSE Linux) 
configure:2845: $? = 0
configure:2834: g++ -V >&5
g++: error: unrecognized command line option '-V'
g++: fatal error: no input files
compilation terminated.
configure:2845: $? = 1
configure:2834: g++ -qversion >&5
g++: error: unrecognized command line option '-qversion'
g++: fatal error: no input files
compilation terminated.
configure:2845: $? = 1
configure:2865: checking whether the C++ compiler works
configure:2887: g++    conftest.cpp  >&5
configure:2891: $? = 0
configure:2940: result: yes
configure:2943: checking for C++ compiler default output file name
configure:2945: result: a.out
configure:2951: checking for suffix of executables
configure:2958: g++ -o conftest    conftest.cpp  >&5
configure:2962: $? = 0
configure:2984: result: 
configure:3006: checking whether we are cross compiling
configure:3014: g++ -o conftest    conftest.cpp  >&5
configure:3018: $? = 0
configure:3025: ./conftest
configure:3029: $? = 0
configure:3044: result: no
configure:3049: checking for suffix of object files
configure:3071: g++ -c   conftest.cpp >&5
configure:3075: $? = 0
configure:3096: result: o
configure:3100: checking whether we are using the GNU C++ compiler
configure:3119: g++ -c   conftest.cpp >&5
configure:3119: $? = 0
configure:3128: result: yes
configure:3137: checking whether g++ accepts -g
configure:3157: g++ -c -g  conftest.cpp >&5
configure:3157: $? = 0
configure:3198: result: yes
configure:3232: checking for style of include used by make
configure:3260: result: GNU
configure:3285: checking dependency style of g++
configure:3395: result: gcc3
configure:3458: checking for gcc
configure:3474: found /usr/bin/gcc
configure:3485: result: gcc
configure:3714: checking for C compiler version
configure:3723: gcc --version >&5
gcc (SUSE Linux) 4.8.5
Copyright (C) 2015 Free Software Foundation, Inc.
This is free software; see the source for copying conditions.  There is NO
warranty; not even for MERCHANTABILITY or FITNESS FOR A PARTICULAR PURPOSE.

configure:3734: $? = 0
configure:3723: gcc -v >&5
Using built-in specs.
COLLECT_GCC=gcc
COLLECT_LTO_WRAPPER=/usr/lib64/gcc/x86_64-suse-linux/4.8/lto-wrapper
Target: x86_64-suse-linux
Configured with: ../configure --prefix=/usr --infodir=/usr/share/info --mandir=/usr/share/man --libdir=/usr/lib64 --libexecdir=/usr/lib64 --enable-languages=c,c++,objc,fortran,obj-c++,java,ada --enable-checking=release --with-gxx-include-dir=/usr/include/c++/4.8 --enable-ssp --disable-libssp --disable-plugin --with-bugurl=http://bugs.opensuse.org/ --with-pkgversion='SUSE Linux' --disable-libgcj --disable-libmudflap --with-slibdir=/lib64 --with-system-zlib --enable-__cxa_atexit --enable-libstdcxx-allocator=new --disable-libstdcxx-pch --enable-version-specific-runtime-libs --enable-linker-build-id --enable-linux-futex --program-suffix=-4.8 --without-system-libunwind --with-arch-32=i586 --with-tune=generic --build=x86_64-suse-linux --host=x86_64-suse-linux
Thread model: posix
gcc version 4.8.5 (SUSE Linux) 
configure:3734: $? = 0
configure:3723: gcc -V >&5
gcc: error: unrecognized command line option '-V'
gcc: fatal error: no input files
compilation terminated.
configure:3734: $? = 1
configure:3723: gcc -qversion >&5
gcc: error: unrecognized command line option '-qversion'
gcc: fatal error: no input files
compilation terminated.
configure:3734: $? = 1
configure:3738: checking whether we are using the GNU C compiler
configure:3757: gcc -c   conftest.c >&5
configure:3757: $? = 0
configure:3766: result: yes
configure:3775: checking whether gcc accepts -g
configure:3795: gcc -c -g  conftest.c >&5
configure:3795: $? = 0
configure:3836: result: yes
configure:3853: checking for gcc option to accept ISO C89
configure:3917: gcc  -c -g -O2  conftest.c >&5
configure:3917: $? = 0
configure:3930: result: none needed
configure:3952: checking dependency style of gcc
configure:4062: result: gcc3
configure:4084: checking how to run the C preprocessor
configure:4115: gcc -E  conftest.c
configure:4115: $? = 0
configure:4129: gcc -E  conftest.c
conftest.c:9:28: fatal error: ac_nonexistent.h: No such file or directory
 #include <ac_nonexistent.h>
                            ^
compilation terminated.
configure:4129: $? = 1
configure: failed program was:
| /* confdefs.h */
| #define PACKAGE_NAME "sfftobmp"
| #define PACKAGE_TARNAME "sfftobmp"
| #define PACKAGE_VERSION "2.3"
| #define PACKAGE_STRING "sfftobmp 2.3"
| #define PACKAGE_BUGREPORT "peter.schaefer@gmx.de"
| #define PACKAGE_URL ""
| /* end confdefs.h.  */
| #include <ac_nonexistent.h>
configure:4154: result: gcc -E
configure:4174: gcc -E  conftest.c
configure:4174: $? = 0
configure:4188: gcc -E  conftest.c
conftest.c:9:28: fatal error: ac_nonexistent.h: No such file or directory
 #include <ac_nonexistent.h>
                            ^
compilation terminated.
configure:4188: $? = 1
configure: failed program was:
| /* confdefs.h */
| #define PACKAGE_NAME "sfftobmp"
| #define PACKAGE_TARNAME "sfftobmp"
| #define PACKAGE_VERSION "2.3"
| #define PACKAGE_STRING "sfftobmp 2.3"
| #define PACKAGE_BUGREPORT "peter.schaefer@gmx.de"
| #define PACKAGE_URL ""
| /* end confdefs.h.  */
| #include <ac_nonexistent.h>
configure:4217: checking for grep that handles long lines and -e
configure:4275: result: /usr/bin/grep
configure:4280: checking for egrep
configure:4342: result: /usr/bin/grep -E
configure:4347: checking for ANSI C header files
configure:4367: gcc -c -g -O2  conftest.c >&5
configure:4367: $? = 0
configure:4440: gcc -o conftest -g -O2   conftest.c  >&5
configure:4440: $? = 0
configure:4440: ./conftest
configure:4440: $? = 0
configure:4451: result: yes
configure:4464: checking for sys/types.h
configure:4464: gcc -c -g -O2  conftest.c >&5
configure:4464: $? = 0
configure:4464: result: yes
configure:4464: checking for sys/stat.h
configure:4464: gcc -c -g -O2  conftest.c >&5
configure:4464: $? = 0
configure:4464: result: yes
configure:4464: checking for stdlib.h
configure:4464: gcc -c -g -O2  conftest.c >&5
configure:4464: $? = 0
configure:4464: result: yes
configure:4464: checking for string.h
configure:4464: gcc -c -g -O2  conftest.c >&5
configure:4464: $? = 0
configure:4464: result: yes
configure:4464: checking for memory.h
configure:4464: gcc -c -g -O2  conftest.c >&5
configure:4464: $? = 0
configure:4464: result: yes
configure:4464: checking for strings.h
configure:4464: gcc -c -g -O2  conftest.c >&5
configure:4464: $? = 0
configure:4464: result: yes
configure:4464: checking for inttypes.h
configure:4464: gcc -c -g -O2  conftest.c >&5
configure:4464: $? = 0
configure:4464: result: yes
configure:4464: checking for stdint.h
configure:4464: gcc -c -g -O2  conftest.c >&5
configure:4464: $? = 0
configure:4464: result: yes
configure:4464: checking for unistd.h
configure:4464: gcc -c -g -O2  conftest.c >&5
configure:4464: $? = 0
configure:4464: result: yes
configure:4477: checking tiffio.h usability
configure:4477: gcc -c -g -O2  conftest.c >&5
configure:4477: $? = 0
configure:4477: result: yes
configure:4477: checking tiffio.h presence
configure:4477: gcc -E  conftest.c
configure:4477: $? = 0
configure:4477: result: yes
configure:4477: checking for tiffio.h
configure:4477: result: yes
configure:4487: checking for TIFFOpen in -ltiff
configure:4512: gcc -o conftest -g -O2   conftest.c -ltiff   >&5
configure:4512: $? = 0
configure:4521: result: yes
configure:4531: checking jpeglib.h usability
configure:4531: gcc -c -g -O2  conftest.c >&5
configure:4531: $? = 0
configure:4531: result: yes
configure:4531: checking jpeglib.h presence
configure:4531: gcc -E  conftest.c
configure:4531: $? = 0
configure:4531: result: yes
configure:4531: checking for jpeglib.h
configure:4531: result: yes
configure:4541: checking for jpeg_destroy_decompress in -ljpeg
configure:4566: gcc -o conftest -g -O2   conftest.c -ljpeg   >&5
configure:4566: $? = 0
configure:4575: result: yes
configure:4586: checking for ANSI C header files
configure:4690: result: yes
configure:4701: checking for stdlib.h
configure:4701: result: yes
configure:4701: checking for string.h
configure:4701: result: yes
configure:4701: checking utime.h usability
configure:4701: gcc -c -g -O2  conftest.c >&5
configure:4701: $? = 0
configure:4701: result: yes
configure:4701: checking utime.h presence
configure:4701: gcc -E  conftest.c
configure:4701: $? = 0
configure:4701: result: yes
configure:4701: checking for utime.h
configure:4701: result: yes
configure:4714: checking for stdbool.h that conforms to C99
configure:4799: gcc -c -g -O2  conftest.c >&5
configure:4799: $? = 0
configure:4806: result: yes
configure:4808: checking for _Bool
configure:4808: gcc -c -g -O2  conftest.c >&5
configure:4808: $? = 0
configure:4808: gcc -c -g -O2  conftest.c >&5
conftest.c: In function 'main':
conftest.c:61:20: error: expected expression before ')' token
 if (sizeof ((_Bool)))
                    ^
configure:4808: $? = 1
configure: failed program was:
| /* confdefs.h */
| #define PACKAGE_NAME "sfftobmp"
| #define PACKAGE_TARNAME "sfftobmp"
| #define PACKAGE_VERSION "2.3"
| #define PACKAGE_STRING "sfftobmp 2.3"
| #define PACKAGE_BUGREPORT "peter.schaefer@gmx.de"
| #define PACKAGE_URL ""
| #define STDC_HEADERS 1
| #define HAVE_SYS_TYPES_H 1
| #define HAVE_SYS_STAT_H 1
| #define HAVE_STDLIB_H 1
| #define HAVE_STRING_H 1
| #define HAVE_MEMORY_H 1
| #define HAVE_STRINGS_H 1
| #define HAVE_INTTYPES_H 1
| #define HAVE_STDINT_H 1
| #define HAVE_UNISTD_H 1
| #define HAVE_LIBTIFF 1
| #define HAVE_LIBJPEG 1
| #define STDC_HEADERS 1
| #define HAVE_STDLIB_H 1
| #define HAVE_STRING_H 1
| #define HAVE_UTIME_H 1
| /* end confdefs.h.  */
| #include <stdio.h>
| #ifdef HAVE_SYS_TYPES_H
| # include <sys/types.h>
| #endif
| #ifdef HAVE_SYS_STAT_H
| # include <sys/stat.h>
| #endif
| #ifdef STDC_HEADERS
| # include <stdlib.h>
| # include <stddef.h>
| #else
| # ifdef HAVE_STDLIB_H
| #  include <stdlib.h>
| # endif
| #endif
| #ifdef HAVE_STRING_H
| # if !defined STDC_HEADERS && defined HAVE_MEMORY_H
| #  include <memory.h>
| # endif
| # include <string.h>
| #endif
| #ifdef HAVE_STRINGS_H
| # include <strings.h>
| #endif
| #ifdef HAVE_INTTYPES_H
| # include <inttypes.h>
| #endif
| #ifdef HAVE_STDINT_H
| # include <stdint.h>
| #endif
| #ifdef HAVE_UNISTD_H
| # include <unistd.h>
| #endif
| int
| main ()
| {
| if (sizeof ((_Bool)))
| 	    return 0;
|   ;
|   return 0;
| }
configure:4808: result: yes
configure:4824: checking for an ANSI C-conforming const
configure:4889: gcc -c -g -O2  conftest.c >&5
configure:4889: $? = 0
configure:4896: result: yes
configure:4904: checking for off_t
configure:4904: gcc -c -g -O2  conftest.c >&5
configure:4904: $? = 0
configure:4904: gcc -c -g -O2  conftest.c >&5
conftest.c: In function 'main':
conftest.c:63:20: error: expected expression before ')' token
 if (sizeof ((off_t)))
                    ^
configure:4904: $? = 1
configure: failed program was:
| /* confdefs.h */
| #define PACKAGE_NAME "sfftobmp"
| #define PACKAGE_TARNAME "sfftobmp"
| #define PACKAGE_VERSION "2.3"
| #define PACKAGE_STRING "sfftobmp 2.3"
| #define PACKAGE_BUGREPORT "peter.schaefer@gmx.de"
| #define PACKAGE_URL ""
| #define STDC_HEADERS 1
| #define HAVE_SYS_TYPES_H 1
| #define HAVE_SYS_STAT_H 1
| #define HAVE_STDLIB_H 1
| #define HAVE_STRING_H 1
| #define HAVE_MEMORY_H 1
| #define HAVE_STRINGS_H 1
| #define HAVE_INTTYPES_H 1
| #define HAVE_STDINT_H 1
| #define HAVE_UNISTD_H 1
| #define HAVE_LIBTIFF 1
| #define HAVE_LIBJPEG 1
| #define STDC_HEADERS 1
| #define HAVE_STDLIB_H 1
| #define HAVE_STRING_H 1
| #define HAVE_UTIME_H 1
| #define HAVE__BOOL 1
| #define HAVE_STDBOOL_H 1
| /* end confdefs.h.  */
| #include <stdio.h>
| #ifdef HAVE_SYS_TYPES_H
| # include <sys/types.h>
| #endif
| #ifdef HAVE_SYS_STAT_H
| # include <sys/stat.h>
| #endif
| #ifdef STDC_HEADERS
| # include <stdlib.h>
| # include <stddef.h>
| #else
| # ifdef HAVE_STDLIB_H
| #  include <stdlib.h>
| # endif
| #endif
| #ifdef HAVE_STRING_H
| # if !defined STDC_HEADERS && defined HAVE_MEMORY_H
| #  include <memory.h>
| # endif
| # include <string.h>
| #endif
| #ifdef HAVE_STRINGS_H
| # include <strings.h>
| #endif
| #ifdef HAVE_INTTYPES_H
| # include <inttypes.h>
| #endif
| #ifdef HAVE_STDINT_H
| # include <stdint.h>
| #endif
| #ifdef HAVE_UNISTD_H
| # include <unistd.h>
| #endif
| int
| main ()
| {
| if (sizeof ((off_t)))
| 	    return 0;
|   ;
|   return 0;
| }
configure:4904: result: yes
configure:4915: checking for size_t
configure:4915: gcc -c -g -O2  conftest.c >&5
configure:4915: $? = 0
configure:4915: gcc -c -g -O2  conftest.c >&5
conftest.c: In function 'main':
conftest.c:63:21: error: expected expression before ')' token
 if (sizeof ((size_t)))
                     ^
configure:4915: $? = 1
configure: failed program was:
| /* confdefs.h */
| #define PACKAGE_NAME "sfftobmp"
| #define PACKAGE_TARNAME "sfftobmp"
| #define PACKAGE_VERSION "2.3"
| #define PACKAGE_STRING "sfftobmp 2.3"
| #define PACKAGE_BUGREPORT "peter.schaefer@gmx.de"
| #define PACKAGE_URL ""
| #define STDC_HEADERS 1
| #define HAVE_SYS_TYPES_H 1
| #define HAVE_SYS_STAT_H 1
| #define HAVE_STDLIB_H 1
| #define HAVE_STRING_H 1
| #define HAVE_MEMORY_H 1
| #define HAVE_STRINGS_H 1
| #define HAVE_INTTYPES_H 1
| #define HAVE_STDINT_H 1
| #define HAVE_UNISTD_H 1
| #define HAVE_LIBTIFF 1
| #define HAVE_LIBJPEG 1
| #define STDC_HEADERS 1
| #define HAVE_STDLIB_H 1
| #define HAVE_STRING_H 1
| #define HAVE_UTIME_H 1
| #define HAVE__BOOL 1
| #define HAVE_STDBOOL_H 1
| /* end confdefs.h.  */
| #include <stdio.h>
| #ifdef HAVE_SYS_TYPES_H
| # include <sys/types.h>
| #endif
| #ifdef HAVE_SYS_STAT_H
| # include <sys/stat.h>
| #endif
| #ifdef STDC_HEADERS
| # include <stdlib.h>
| # include <stddef.h>
| #else
| # ifdef HAVE_STDLIB_H
| #  include <stdlib.h>
| # endif
| #endif
| #ifdef HAVE_STRING_H
| # if !defined STDC_HEADERS && defined HAVE_MEMORY_H
| #  include <memory.h>
| # endif
| # include <string.h>
| #endif
| #ifdef HAVE_STRINGS_H
| # include <strings.h>
| #endif
| #ifdef HAVE_INTTYPES_H
| # include <inttypes.h>
| #endif
| #ifdef HAVE_STDINT_H
| # include <stdint.h>
| #endif
| #ifdef HAVE_UNISTD_H
| # include <unistd.h>
| #endif
| int
| main ()
| {
| if (sizeof ((size_t)))
| 	    return 0;
|   ;
|   return 0;
| }
configure:4915: result: yes
configure:4930: checking for stdlib.h
configure:4930: result: yes
configure:4940: checking for GNU libc compatible malloc
configure:4964: gcc -o conftest -g -O2   conftest.c  >&5
configure:4964: $? = 0
configure:4964: ./conftest
configure:4964: $? = 0
configure:4974: result: yes
configure:4995: checking for working memcmp
configure:5038: gcc -o conftest -g -O2   conftest.c  >&5
configure:5038: $? = 0
configure:5038: ./conftest
configure:5038: $? = 0
configure:5048: result: yes
configure:5063: checking for utime.h
configure:5063: result: yes
configure:5078: checking whether utime accepts a null argument
configure:5107: gcc -o conftest -g -O2   conftest.c  >&5
configure:5107: $? = 0
configure:5107: ./conftest
configure:5107: $? = 0
configure:5117: result: yes
configure:5130: checking for memset
configure:5130: gcc -o conftest -g -O2   conftest.c  >&5
conftest.c:54:6: warning: conflicting types for built-in function 'memset' [enabled by default]
 char memset ();
      ^
configure:5130: $? = 0
configure:5130: result: yes
configure:5130: checking for strdup
configure:5130: gcc -o conftest -g -O2   conftest.c  >&5
conftest.c:55:6: warning: conflicting types for built-in function 'strdup' [enabled by default]
 char strdup ();
      ^
configure:5130: $? = 0
configure:5130: result: yes
configure:5130: checking for strrchr
configure:5130: gcc -o conftest -g -O2   conftest.c  >&5
conftest.c:56:6: warning: conflicting types for built-in function 'strrchr' [enabled by default]
 char strrchr ();
      ^
configure:5130: $? = 0
configure:5130: result: yes
configure:5130: checking for utime
configure:5130: gcc -o conftest -g -O2   conftest.c  >&5
configure:5130: $? = 0
configure:5130: result: yes
configure:5264: creating ./config.status

## ---------------------- ##
## Running config.status. ##
## ---------------------- ##

This file was extended by sfftobmp config.status 2.3, which was
generated by GNU Autoconf 2.65.  Invocation command line was

  CONFIG_FILES    = 
  CONFIG_HEADERS  = 
  CONFIG_LINKS    = 
  CONFIG_COMMANDS = 
  $ ./config.status 

on linux1

config.status:873: creating Makefile
config.status:873: creating src/Makefile
config.status:873: creating src/config.h
config.status:1045: src/config.h is unchanged
config.status:1093: executing depfiles commands

## ---------------- ##
## Cache variables. ##
## ---------------- ##

ac_cv_c_compiler_gnu=yes
ac_cv_c_const=yes
ac_cv_cxx_compiler_gnu=yes
ac_cv_env_CCC_set=
ac_cv_env_CCC_value=
ac_cv_env_CC_set=
ac_cv_env_CC_value=
ac_cv_env_CFLAGS_set=
ac_cv_env_CFLAGS_value=
ac_cv_env_CPPFLAGS_set=
ac_cv_env_CPPFLAGS_value=
ac_cv_env_CPP_set=
ac_cv_env_CPP_value=
ac_cv_env_CXXFLAGS_set=
ac_cv_env_CXXFLAGS_value=
ac_cv_env_CXX_set=
ac_cv_env_CXX_value=
ac_cv_env_LDFLAGS_set=
ac_cv_env_LDFLAGS_value=
ac_cv_env_LIBS_set=
ac_cv_env_LIBS_value=
ac_cv_env_build_alias_set=
ac_cv_env_build_alias_value=
ac_cv_env_host_alias_set=
ac_cv_env_host_alias_value=
ac_cv_env_target_alias_set=
ac_cv_env_target_alias_value=
ac_cv_func_malloc_0_nonnull=yes
ac_cv_func_memcmp_working=yes
ac_cv_func_memset=yes
ac_cv_func_strdup=yes
ac_cv_func_strrchr=yes
ac_cv_func_utime=yes
ac_cv_func_utime_null=yes
ac_cv_header_inttypes_h=yes
ac_cv_header_jpeglib_h=yes
ac_cv_header_memory_h=yes
ac_cv_header_stdbool_h=yes
ac_cv_header_stdc=yes
ac_cv_header_stdint_h=yes
ac_cv_header_stdlib_h=yes
ac_cv_header_string_h=yes
ac_cv_header_strings_h=yes
ac_cv_header_sys_stat_h=yes
ac_cv_header_sys_types_h=yes
ac_cv_header_tiffio_h=yes
ac_cv_header_unistd_h=yes
ac_cv_header_utime_h=yes
ac_cv_lib_jpeg_jpeg_destroy_decompress=yes
ac_cv_lib_tiff_TIFFOpen=yes
ac_cv_objext=o
ac_cv_path_EGREP='/usr/bin/grep -E'
ac_cv_path_GREP=/usr/bin/grep
ac_cv_path_install='/usr/bin/install -c'
ac_cv_path_mkdir=/usr/bin/mkdir
ac_cv_prog_AWK=gawk
ac_cv_prog_CPP='gcc -E'
ac_cv_prog_ac_ct_CC=gcc
ac_cv_prog_ac_ct_CXX=g++
ac_cv_prog_cc_c89=
ac_cv_prog_cc_g=yes
ac_cv_prog_cxx_g=yes
ac_cv_prog_make_make_set=yes
ac_cv_type__Bool=yes
ac_cv_type_off_t=yes
ac_cv_type_size_t=yes
am_cv_CC_dependencies_compiler_type=gcc3
am_cv_CXX_dependencies_compiler_type=gcc3

## ----------------- ##
## Output variables. ##
## ----------------- ##

ACLOCAL='${SHELL} /root/autofax/sfftobmp_copy/config/missing --run aclocal-1.11'
AMDEPBACKSLASH='\'
AMDEP_FALSE='#'
AMDEP_TRUE=''
AMTAR='${SHELL} /root/autofax/sfftobmp_copy/config/missing --run tar'
AUTOCONF='${SHELL} /root/autofax/sfftobmp_copy/config/missing --run autoconf'
AUTOHEADER='${SHELL} /root/autofax/sfftobmp_copy/config/missing --run autoheader'
AUTOMAKE='${SHELL} /root/autofax/sfftobmp_copy/config/missing --run automake-1.11'
AWK='gawk'
CC='gcc'
CCDEPMODE='depmode=gcc3'
CFLAGS='-g -O2'
CPP='gcc -E'
CPPFLAGS=''
CXX='g++'
CXXDEPMODE='depmode=gcc3'
CXXFLAGS='-g -O2'
CYGPATH_W='echo'
DEFS='-DHAVE_CONFIG_H'
DEPDIR='.deps'
ECHO_C=''
ECHO_N='-n'
ECHO_T=''
EGREP='/usr/bin/grep -E'
EXEEXT=''
GREP='/usr/bin/grep'
INSTALL_DATA='${INSTALL} -m 644'
INSTALL_PROGRAM='${INSTALL}'
INSTALL_SCRIPT='${INSTALL}'
INSTALL_STRIP_PROGRAM='$(install_sh) -c -s'
JPEG_LIB='-ljpeg'
LDFLAGS=''
LIBOBJS=''
LIBS=''
LTLIBOBJS=''
MAKEINFO='${SHELL} /root/autofax/sfftobmp_copy/config/missing --run makeinfo'
MKDIR_P='/usr/bin/mkdir -p'
OBJEXT='o'
PACKAGE='sff'
PACKAGE_BUGREPORT='peter.schaefer@gmx.de'
PACKAGE_NAME='sfftobmp'
PACKAGE_STRING='sfftobmp 2.3'
PACKAGE_TARNAME='sfftobmp'
PACKAGE_URL=''
PACKAGE_VERSION='2.3'
PATH_SEPARATOR=':'
SET_MAKE=''
SHELL='/bin/sh'
STRIP=''
TIFF_LIB='-ltiff'
VERSION='2.3'
ac_ct_CC='gcc'
ac_ct_CXX='g++'
am__EXEEXT_FALSE=''
am__EXEEXT_TRUE='#'
am__fastdepCC_FALSE='#'
am__fastdepCC_TRUE=''
am__fastdepCXX_FALSE='#'
am__fastdepCXX_TRUE=''
am__include='include'
am__isrc=''
am__leading_dot='.'
am__quote=''
am__tar='${AMTAR} chof - "$$tardir"'
am__untar='${AMTAR} xf -'
bindir='${exec_prefix}/bin'
build_alias=''
datadir='${datarootdir}'
datarootdir='${prefix}/share'
docdir='${datarootdir}/doc/${PACKAGE_TARNAME}'
dvidir='${docdir}'
exec_prefix='${prefix}'
host_alias=''
htmldir='${docdir}'
includedir='${prefix}/include'
infodir='${datarootdir}/info'
install_sh='${SHELL} /root/autofax/sfftobmp_copy/config/install-sh'
libdir='${exec_prefix}/lib64'
libexecdir='${exec_prefix}/lib'
localedir='${datarootdir}/locale'
localstatedir='${prefix}/var'
mandir='${datarootdir}/man'
mkdir_p='/usr/bin/mkdir -p'
oldincludedir='/usr/include'
pdfdir='${docdir}'
prefix='/usr/local'
program_transform_name='s,x,x,'
psdir='${docdir}'
sbindir='${exec_prefix}/sbin'
sharedstatedir='${prefix}/com'
sysconfdir='${prefix}/etc'
target_alias=''

## ----------- ##
## confdefs.h. ##
## ----------- ##

/* confdefs.h */
#define PACKAGE_NAME "sfftobmp"
#define PACKAGE_TARNAME "sfftobmp"
#define PACKAGE_VERSION "2.3"
#define PACKAGE_STRING "sfftobmp 2.3"
#define PACKAGE_BUGREPORT "peter.schaefer@gmx.de"
#define PACKAGE_URL ""
#define STDC_HEADERS 1
#define HAVE_SYS_TYPES_H 1
#define HAVE_SYS_STAT_H 1
#define HAVE_STDLIB_H 1
#define HAVE_STRING_H 1
#define HAVE_MEMORY_H 1
#define HAVE_STRINGS_H 1
#define HAVE_INTTYPES_H 1
#define HAVE_STDINT_H 1
#define HAVE_UNISTD_H 1
#define HAVE_LIBTIFF 1
#define HAVE_LIBJPEG 1
#define STDC_HEADERS 1
#define HAVE_STDLIB_H 1
#define HAVE_STRING_H 1
#define HAVE_UTIME_H 1
#define HAVE__BOOL 1
#define HAVE_STDBOOL_H 1
#define HAVE_STDLIB_H 1
#define HAVE_MALLOC 1
#define HAVE_UTIME_H 1
#define HAVE_UTIME_NULL 1
#define HAVE_MEMSET 1
#define HAVE_STRDUP 1
#define HAVE_STRRCHR 1
#define HAVE_UTIME 1

configure: exit 0
